<?xml version="1.0" encoding="UTF-8"?>
<testsuite xmlns:xsi="http://www.w3.org/2001/XMLSchema-instance" xsi:noNamespaceSchemaLocation="https://maven.apache.org/surefire/maven-surefire-plugin/xsd/surefire-test-report.xsd" name="com.santandar.market.handler.MarketPriceHandlerTest" time="0.187" tests="1" errors="0" skipped="0" failures="0">
  <properties>
    <property name="sun.desktop" value="windows"/>
    <property name="awt.toolkit" value="sun.awt.windows.WToolkit"/>
    <property name="java.specification.version" value="11"/>
    <property name="sun.cpu.isalist" value="amd64"/>
    <property name="sun.jnu.encoding" value="Cp1252"/>
    <property name="java.class.path" value="C:\Users\Kamna\IdeaProjects\MarketPriceHandler\target\test-classes;C:\Users\Kamna\IdeaProjects\MarketPriceHandler\target\classes;C:\Users\Kamna\.m2\repository\org\springframework\boot\spring-boot-starter\2.3.1.RELEASE\spring-boot-starter-2.3.1.RELEASE.jar;C:\Users\Kamna\.m2\repository\org\springframework\boot\spring-boot\2.3.1.RELEASE\spring-boot-2.3.1.RELEASE.jar;C:\Users\Kamna\.m2\repository\org\springframework\boot\spring-boot-autoconfigure\2.3.1.RELEASE\spring-boot-autoconfigure-2.3.1.RELEASE.jar;C:\Users\Kamna\.m2\repository\org\springframework\boot\spring-boot-starter-logging\2.3.1.RELEASE\spring-boot-starter-logging-2.3.1.RELEASE.jar;C:\Users\Kamna\.m2\repository\ch\qos\logback\logback-classic\1.2.3\logback-classic-1.2.3.jar;C:\Users\Kamna\.m2\repository\ch\qos\logback\logback-core\1.2.3\logback-core-1.2.3.jar;C:\Users\Kamna\.m2\repository\org\apache\logging\log4j\log4j-to-slf4j\2.13.3\log4j-to-slf4j-2.13.3.jar;C:\Users\Kamna\.m2\repository\org\slf4j\jul-to-slf4j\1.7.30\jul-to-slf4j-1.7.30.jar;C:\Users\Kamna\.m2\repository\jakarta\annotation\jakarta.annotation-api\1.3.5\jakarta.annotation-api-1.3.5.jar;C:\Users\Kamna\.m2\repository\org\springframework\spring-core\5.2.7.RELEASE\spring-core-5.2.7.RELEASE.jar;C:\Users\Kamna\.m2\repository\org\springframework\spring-jcl\5.2.7.RELEASE\spring-jcl-5.2.7.RELEASE.jar;C:\Users\Kamna\.m2\repository\org\yaml\snakeyaml\1.26\snakeyaml-1.26.jar;C:\Users\Kamna\.m2\repository\org\springframework\cloud\spring-cloud-function-adapter-aws\3.0.8.RELEASE\spring-cloud-function-adapter-aws-3.0.8.RELEASE.jar;C:\Users\Kamna\.m2\repository\org\springframework\cloud\spring-cloud-function-context\3.0.8.RELEASE\spring-cloud-function-context-3.0.8.RELEASE.jar;C:\Users\Kamna\.m2\repository\net\jodah\typetools\0.6.2\typetools-0.6.2.jar;C:\Users\Kamna\.m2\repository\org\springframework\cloud\spring-cloud-function-core\3.0.8.RELEASE\spring-cloud-function-core-3.0.8.RELEASE.jar;C:\Users\Kamna\.m2\repository\org\springframework\spring-messaging\5.2.7.RELEASE\spring-messaging-5.2.7.RELEASE.jar;C:\Users\Kamna\.m2\repository\org\springframework\spring-web\5.2.7.RELEASE\spring-web-5.2.7.RELEASE.jar;C:\Users\Kamna\.m2\repository\org\springframework\spring-beans\5.2.7.RELEASE\spring-beans-5.2.7.RELEASE.jar;C:\Users\Kamna\.m2\repository\com\fasterxml\jackson\core\jackson-databind\2.11.0\jackson-databind-2.11.0.jar;C:\Users\Kamna\.m2\repository\com\fasterxml\jackson\core\jackson-annotations\2.11.0\jackson-annotations-2.11.0.jar;C:\Users\Kamna\.m2\repository\com\fasterxml\jackson\core\jackson-core\2.11.0\jackson-core-2.11.0.jar;C:\Users\Kamna\.m2\repository\io\projectreactor\reactor-core\3.3.6.RELEASE\reactor-core-3.3.6.RELEASE.jar;C:\Users\Kamna\.m2\repository\org\reactivestreams\reactive-streams\1.0.3\reactive-streams-1.0.3.jar;C:\Users\Kamna\.m2\repository\javax\annotation\javax.annotation-api\1.3.2\javax.annotation-api-1.3.2.jar;C:\Users\Kamna\.m2\repository\com\amazonaws\aws-lambda-java-events\2.0.2\aws-lambda-java-events-2.0.2.jar;C:\Users\Kamna\.m2\repository\joda-time\joda-time\2.6\joda-time-2.6.jar;C:\Users\Kamna\.m2\repository\com\amazonaws\aws-lambda-java-core\1.1.0\aws-lambda-java-core-1.1.0.jar;C:\Users\Kamna\.m2\repository\org\projectlombok\lombok\1.18.12\lombok-1.18.12.jar;C:\Users\Kamna\.m2\repository\org\springframework\boot\spring-boot-starter-test\2.3.1.RELEASE\spring-boot-starter-test-2.3.1.RELEASE.jar;C:\Users\Kamna\.m2\repository\org\springframework\boot\spring-boot-test\2.3.1.RELEASE\spring-boot-test-2.3.1.RELEASE.jar;C:\Users\Kamna\.m2\repository\org\springframework\boot\spring-boot-test-autoconfigure\2.3.1.RELEASE\spring-boot-test-autoconfigure-2.3.1.RELEASE.jar;C:\Users\Kamna\.m2\repository\com\jayway\jsonpath\json-path\2.4.0\json-path-2.4.0.jar;C:\Users\Kamna\.m2\repository\net\minidev\json-smart\2.3\json-smart-2.3.jar;C:\Users\Kamna\.m2\repository\net\minidev\accessors-smart\1.2\accessors-smart-1.2.jar;C:\Users\Kamna\.m2\repository\org\ow2\asm\asm\5.0.4\asm-5.0.4.jar;C:\Users\Kamna\.m2\repository\org\slf4j\slf4j-api\1.7.30\slf4j-api-1.7.30.jar;C:\Users\Kamna\.m2\repository\jakarta\xml\bind\jakarta.xml.bind-api\2.3.3\jakarta.xml.bind-api-2.3.3.jar;C:\Users\Kamna\.m2\repository\jakarta\activation\jakarta.activation-api\1.2.2\jakarta.activation-api-1.2.2.jar;C:\Users\Kamna\.m2\repository\org\assertj\assertj-core\3.16.1\assertj-core-3.16.1.jar;C:\Users\Kamna\.m2\repository\org\hamcrest\hamcrest\2.2\hamcrest-2.2.jar;C:\Users\Kamna\.m2\repository\org\junit\jupiter\junit-jupiter\5.6.2\junit-jupiter-5.6.2.jar;C:\Users\Kamna\.m2\repository\org\junit\jupiter\junit-jupiter-params\5.6.2\junit-jupiter-params-5.6.2.jar;C:\Users\Kamna\.m2\repository\org\mockito\mockito-core\3.3.3\mockito-core-3.3.3.jar;C:\Users\Kamna\.m2\repository\net\bytebuddy\byte-buddy\1.10.11\byte-buddy-1.10.11.jar;C:\Users\Kamna\.m2\repository\net\bytebuddy\byte-buddy-agent\1.10.11\byte-buddy-agent-1.10.11.jar;C:\Users\Kamna\.m2\repository\org\objenesis\objenesis\2.6\objenesis-2.6.jar;C:\Users\Kamna\.m2\repository\org\mockito\mockito-junit-jupiter\3.3.3\mockito-junit-jupiter-3.3.3.jar;C:\Users\Kamna\.m2\repository\org\skyscreamer\jsonassert\1.5.0\jsonassert-1.5.0.jar;C:\Users\Kamna\.m2\repository\com\vaadin\external\google\android-json\0.0.20131108.vaadin1\android-json-0.0.20131108.vaadin1.jar;C:\Users\Kamna\.m2\repository\org\springframework\spring-test\5.2.7.RELEASE\spring-test-5.2.7.RELEASE.jar;C:\Users\Kamna\.m2\repository\org\xmlunit\xmlunit-core\2.7.0\xmlunit-core-2.7.0.jar;C:\Users\Kamna\.m2\repository\org\junit\jupiter\junit-jupiter-api\5.6.2\junit-jupiter-api-5.6.2.jar;C:\Users\Kamna\.m2\repository\org\apiguardian\apiguardian-api\1.1.0\apiguardian-api-1.1.0.jar;C:\Users\Kamna\.m2\repository\org\opentest4j\opentest4j\1.2.0\opentest4j-1.2.0.jar;C:\Users\Kamna\.m2\repository\org\junit\platform\junit-platform-commons\1.6.2\junit-platform-commons-1.6.2.jar;C:\Users\Kamna\.m2\repository\org\junit\jupiter\junit-jupiter-engine\5.6.2\junit-jupiter-engine-5.6.2.jar;C:\Users\Kamna\.m2\repository\org\junit\platform\junit-platform-engine\1.6.2\junit-platform-engine-1.6.2.jar;C:\Users\Kamna\.m2\repository\org\mapstruct\mapstruct\1.5.3.Final\mapstruct-1.5.3.Final.jar;C:\Users\Kamna\.m2\repository\com\amazonaws\aws-java-sdk-dynamodb\1.11.64\aws-java-sdk-dynamodb-1.11.64.jar;C:\Users\Kamna\.m2\repository\com\amazonaws\aws-java-sdk-s3\1.11.415\aws-java-sdk-s3-1.11.415.jar;C:\Users\Kamna\.m2\repository\com\amazonaws\aws-java-sdk-kms\1.11.415\aws-java-sdk-kms-1.11.415.jar;C:\Users\Kamna\.m2\repository\com\amazonaws\aws-java-sdk-core\1.11.415\aws-java-sdk-core-1.11.415.jar;C:\Users\Kamna\.m2\repository\org\apache\httpcomponents\httpclient\4.5.12\httpclient-4.5.12.jar;C:\Users\Kamna\.m2\repository\org\apache\httpcomponents\httpcore\4.4.13\httpcore-4.4.13.jar;C:\Users\Kamna\.m2\repository\commons-codec\commons-codec\1.14\commons-codec-1.14.jar;C:\Users\Kamna\.m2\repository\software\amazon\ion\ion-java\1.0.2\ion-java-1.0.2.jar;C:\Users\Kamna\.m2\repository\com\fasterxml\jackson\dataformat\jackson-dataformat-cbor\2.11.0\jackson-dataformat-cbor-2.11.0.jar;C:\Users\Kamna\.m2\repository\com\amazonaws\jmespath-java\1.11.415\jmespath-java-1.11.415.jar;C:\Users\Kamna\.m2\repository\com\github\derjust\spring-data-dynamodb\5.1.0\spring-data-dynamodb-5.1.0.jar;C:\Users\Kamna\.m2\repository\org\springframework\spring-context\5.2.7.RELEASE\spring-context-5.2.7.RELEASE.jar;C:\Users\Kamna\.m2\repository\org\springframework\spring-aop\5.2.7.RELEASE\spring-aop-5.2.7.RELEASE.jar;C:\Users\Kamna\.m2\repository\org\springframework\spring-expression\5.2.7.RELEASE\spring-expression-5.2.7.RELEASE.jar;C:\Users\Kamna\.m2\repository\org\springframework\spring-tx\5.2.7.RELEASE\spring-tx-5.2.7.RELEASE.jar;C:\Users\Kamna\.m2\repository\org\springframework\data\spring-data-commons\2.1.16.RELEASE\spring-data-commons-2.1.16.RELEASE.jar;C:\Users\Kamna\.m2\repository\org\hibernate\validator\hibernate-validator\6.1.5.Final\hibernate-validator-6.1.5.Final.jar;C:\Users\Kamna\.m2\repository\jakarta\validation\jakarta.validation-api\2.0.2\jakarta.validation-api-2.0.2.jar;C:\Users\Kamna\.m2\repository\org\jboss\logging\jboss-logging\3.4.1.Final\jboss-logging-3.4.1.Final.jar;C:\Users\Kamna\.m2\repository\com\fasterxml\classmate\1.5.1\classmate-1.5.1.jar;C:\Users\Kamna\.m2\repository\javax\enterprise\cdi-api\1.2\cdi-api-1.2.jar;C:\Users\Kamna\.m2\repository\javax\el\javax.el-api\3.0.0\javax.el-api-3.0.0.jar;C:\Users\Kamna\.m2\repository\javax\interceptor\javax.interceptor-api\1.2\javax.interceptor-api-1.2.jar;C:\Users\Kamna\.m2\repository\javax\inject\javax.inject\1\javax.inject-1.jar;C:\Users\Kamna\.m2\repository\com\amazonaws\DynamoDBLocal\1.11.0.1\DynamoDBLocal-1.11.0.1.jar;C:\Users\Kamna\.m2\repository\org\antlr\antlr4-runtime\4.1\antlr4-runtime-4.1.jar;C:\Users\Kamna\.m2\repository\org\abego\treelayout\org.abego.treelayout.core\1.0.1\org.abego.treelayout.core-1.0.1.jar;C:\Users\Kamna\.m2\repository\commons-cli\commons-cli\1.2\commons-cli-1.2.jar;C:\Users\Kamna\.m2\repository\org\apache\commons\commons-lang3\3.10\commons-lang3-3.10.jar;C:\Users\Kamna\.m2\repository\org\apache\logging\log4j\log4j-api\2.13.3\log4j-api-2.13.3.jar;C:\Users\Kamna\.m2\repository\org\apache\logging\log4j\log4j-core\2.13.3\log4j-core-2.13.3.jar;C:\Users\Kamna\.m2\repository\org\eclipse\jetty\jetty-client\9.4.29.v20200521\jetty-client-9.4.29.v20200521.jar;C:\Users\Kamna\.m2\repository\org\eclipse\jetty\jetty-http\9.4.29.v20200521\jetty-http-9.4.29.v20200521.jar;C:\Users\Kamna\.m2\repository\org\eclipse\jetty\jetty-util\9.4.29.v20200521\jetty-util-9.4.29.v20200521.jar;C:\Users\Kamna\.m2\repository\org\eclipse\jetty\jetty-io\9.4.29.v20200521\jetty-io-9.4.29.v20200521.jar;C:\Users\Kamna\.m2\repository\org\eclipse\jetty\jetty-server\9.4.29.v20200521\jetty-server-9.4.29.v20200521.jar;C:\Users\Kamna\.m2\repository\javax\servlet\javax.servlet-api\4.0.1\javax.servlet-api-4.0.1.jar;C:\Users\Kamna\.m2\repository\com\almworks\sqlite4java\sqlite4java\1.0.392\sqlite4java-1.0.392.jar;"/>
    <property name="java.vm.vendor" value="JetBrains s.r.o"/>
    <property name="sun.arch.data.model" value="64"/>
    <property name="user.variant" value=""/>
    <property name="java.vendor.url" value="https://www.jetbrains.com/"/>
    <property name="user.timezone" value="Europe/Belgrade"/>
    <property name="java.vm.specification.version" value="11"/>
    <property name="os.name" value="Windows 10"/>
    <property name="sun.java.launcher" value="SUN_STANDARD"/>
    <property name="user.country" value="US"/>
    <property name="sun.boot.library.path" value="C:\Program Files\JetBrains\IntelliJ IDEA 2019.3.5\jbr\bin"/>
    <property name="sun.java.command" value="C:\Users\Kamna\AppData\Local\Temp\surefire2611384632230228577\surefirebooter18106957476940222959.jar C:\Users\Kamna\AppData\Local\Temp\surefire2611384632230228577 2022-12-31T01-06-59_399-jvmRun1 surefire16588558993992151313tmp surefire_08426352096040707499tmp"/>
    <property name="jdk.debug" value="release"/>
    <property name="surefire.test.class.path" value="C:\Users\Kamna\IdeaProjects\MarketPriceHandler\target\test-classes;C:\Users\Kamna\IdeaProjects\MarketPriceHandler\target\classes;C:\Users\Kamna\.m2\repository\org\springframework\boot\spring-boot-starter\2.3.1.RELEASE\spring-boot-starter-2.3.1.RELEASE.jar;C:\Users\Kamna\.m2\repository\org\springframework\boot\spring-boot\2.3.1.RELEASE\spring-boot-2.3.1.RELEASE.jar;C:\Users\Kamna\.m2\repository\org\springframework\boot\spring-boot-autoconfigure\2.3.1.RELEASE\spring-boot-autoconfigure-2.3.1.RELEASE.jar;C:\Users\Kamna\.m2\repository\org\springframework\boot\spring-boot-starter-logging\2.3.1.RELEASE\spring-boot-starter-logging-2.3.1.RELEASE.jar;C:\Users\Kamna\.m2\repository\ch\qos\logback\logback-classic\1.2.3\logback-classic-1.2.3.jar;C:\Users\Kamna\.m2\repository\ch\qos\logback\logback-core\1.2.3\logback-core-1.2.3.jar;C:\Users\Kamna\.m2\repository\org\apache\logging\log4j\log4j-to-slf4j\2.13.3\log4j-to-slf4j-2.13.3.jar;C:\Users\Kamna\.m2\repository\org\slf4j\jul-to-slf4j\1.7.30\jul-to-slf4j-1.7.30.jar;C:\Users\Kamna\.m2\repository\jakarta\annotation\jakarta.annotation-api\1.3.5\jakarta.annotation-api-1.3.5.jar;C:\Users\Kamna\.m2\repository\org\springframework\spring-core\5.2.7.RELEASE\spring-core-5.2.7.RELEASE.jar;C:\Users\Kamna\.m2\repository\org\springframework\spring-jcl\5.2.7.RELEASE\spring-jcl-5.2.7.RELEASE.jar;C:\Users\Kamna\.m2\repository\org\yaml\snakeyaml\1.26\snakeyaml-1.26.jar;C:\Users\Kamna\.m2\repository\org\springframework\cloud\spring-cloud-function-adapter-aws\3.0.8.RELEASE\spring-cloud-function-adapter-aws-3.0.8.RELEASE.jar;C:\Users\Kamna\.m2\repository\org\springframework\cloud\spring-cloud-function-context\3.0.8.RELEASE\spring-cloud-function-context-3.0.8.RELEASE.jar;C:\Users\Kamna\.m2\repository\net\jodah\typetools\0.6.2\typetools-0.6.2.jar;C:\Users\Kamna\.m2\repository\org\springframework\cloud\spring-cloud-function-core\3.0.8.RELEASE\spring-cloud-function-core-3.0.8.RELEASE.jar;C:\Users\Kamna\.m2\repository\org\springframework\spring-messaging\5.2.7.RELEASE\spring-messaging-5.2.7.RELEASE.jar;C:\Users\Kamna\.m2\repository\org\springframework\spring-web\5.2.7.RELEASE\spring-web-5.2.7.RELEASE.jar;C:\Users\Kamna\.m2\repository\org\springframework\spring-beans\5.2.7.RELEASE\spring-beans-5.2.7.RELEASE.jar;C:\Users\Kamna\.m2\repository\com\fasterxml\jackson\core\jackson-databind\2.11.0\jackson-databind-2.11.0.jar;C:\Users\Kamna\.m2\repository\com\fasterxml\jackson\core\jackson-annotations\2.11.0\jackson-annotations-2.11.0.jar;C:\Users\Kamna\.m2\repository\com\fasterxml\jackson\core\jackson-core\2.11.0\jackson-core-2.11.0.jar;C:\Users\Kamna\.m2\repository\io\projectreactor\reactor-core\3.3.6.RELEASE\reactor-core-3.3.6.RELEASE.jar;C:\Users\Kamna\.m2\repository\org\reactivestreams\reactive-streams\1.0.3\reactive-streams-1.0.3.jar;C:\Users\Kamna\.m2\repository\javax\annotation\javax.annotation-api\1.3.2\javax.annotation-api-1.3.2.jar;C:\Users\Kamna\.m2\repository\com\amazonaws\aws-lambda-java-events\2.0.2\aws-lambda-java-events-2.0.2.jar;C:\Users\Kamna\.m2\repository\joda-time\joda-time\2.6\joda-time-2.6.jar;C:\Users\Kamna\.m2\repository\com\amazonaws\aws-lambda-java-core\1.1.0\aws-lambda-java-core-1.1.0.jar;C:\Users\Kamna\.m2\repository\org\projectlombok\lombok\1.18.12\lombok-1.18.12.jar;C:\Users\Kamna\.m2\repository\org\springframework\boot\spring-boot-starter-test\2.3.1.RELEASE\spring-boot-starter-test-2.3.1.RELEASE.jar;C:\Users\Kamna\.m2\repository\org\springframework\boot\spring-boot-test\2.3.1.RELEASE\spring-boot-test-2.3.1.RELEASE.jar;C:\Users\Kamna\.m2\repository\org\springframework\boot\spring-boot-test-autoconfigure\2.3.1.RELEASE\spring-boot-test-autoconfigure-2.3.1.RELEASE.jar;C:\Users\Kamna\.m2\repository\com\jayway\jsonpath\json-path\2.4.0\json-path-2.4.0.jar;C:\Users\Kamna\.m2\repository\net\minidev\json-smart\2.3\json-smart-2.3.jar;C:\Users\Kamna\.m2\repository\net\minidev\accessors-smart\1.2\accessors-smart-1.2.jar;C:\Users\Kamna\.m2\repository\org\ow2\asm\asm\5.0.4\asm-5.0.4.jar;C:\Users\Kamna\.m2\repository\org\slf4j\slf4j-api\1.7.30\slf4j-api-1.7.30.jar;C:\Users\Kamna\.m2\repository\jakarta\xml\bind\jakarta.xml.bind-api\2.3.3\jakarta.xml.bind-api-2.3.3.jar;C:\Users\Kamna\.m2\repository\jakarta\activation\jakarta.activation-api\1.2.2\jakarta.activation-api-1.2.2.jar;C:\Users\Kamna\.m2\repository\org\assertj\assertj-core\3.16.1\assertj-core-3.16.1.jar;C:\Users\Kamna\.m2\repository\org\hamcrest\hamcrest\2.2\hamcrest-2.2.jar;C:\Users\Kamna\.m2\repository\org\junit\jupiter\junit-jupiter\5.6.2\junit-jupiter-5.6.2.jar;C:\Users\Kamna\.m2\repository\org\junit\jupiter\junit-jupiter-params\5.6.2\junit-jupiter-params-5.6.2.jar;C:\Users\Kamna\.m2\repository\org\mockito\mockito-core\3.3.3\mockito-core-3.3.3.jar;C:\Users\Kamna\.m2\repository\net\bytebuddy\byte-buddy\1.10.11\byte-buddy-1.10.11.jar;C:\Users\Kamna\.m2\repository\net\bytebuddy\byte-buddy-agent\1.10.11\byte-buddy-agent-1.10.11.jar;C:\Users\Kamna\.m2\repository\org\objenesis\objenesis\2.6\objenesis-2.6.jar;C:\Users\Kamna\.m2\repository\org\mockito\mockito-junit-jupiter\3.3.3\mockito-junit-jupiter-3.3.3.jar;C:\Users\Kamna\.m2\repository\org\skyscreamer\jsonassert\1.5.0\jsonassert-1.5.0.jar;C:\Users\Kamna\.m2\repository\com\vaadin\external\google\android-json\0.0.20131108.vaadin1\android-json-0.0.20131108.vaadin1.jar;C:\Users\Kamna\.m2\repository\org\springframework\spring-test\5.2.7.RELEASE\spring-test-5.2.7.RELEASE.jar;C:\Users\Kamna\.m2\repository\org\xmlunit\xmlunit-core\2.7.0\xmlunit-core-2.7.0.jar;C:\Users\Kamna\.m2\repository\org\junit\jupiter\junit-jupiter-api\5.6.2\junit-jupiter-api-5.6.2.jar;C:\Users\Kamna\.m2\repository\org\apiguardian\apiguardian-api\1.1.0\apiguardian-api-1.1.0.jar;C:\Users\Kamna\.m2\repository\org\opentest4j\opentest4j\1.2.0\opentest4j-1.2.0.jar;C:\Users\Kamna\.m2\repository\org\junit\platform\junit-platform-commons\1.6.2\junit-platform-commons-1.6.2.jar;C:\Users\Kamna\.m2\repository\org\junit\jupiter\junit-jupiter-engine\5.6.2\junit-jupiter-engine-5.6.2.jar;C:\Users\Kamna\.m2\repository\org\junit\platform\junit-platform-engine\1.6.2\junit-platform-engine-1.6.2.jar;C:\Users\Kamna\.m2\repository\org\mapstruct\mapstruct\1.5.3.Final\mapstruct-1.5.3.Final.jar;C:\Users\Kamna\.m2\repository\com\amazonaws\aws-java-sdk-dynamodb\1.11.64\aws-java-sdk-dynamodb-1.11.64.jar;C:\Users\Kamna\.m2\repository\com\amazonaws\aws-java-sdk-s3\1.11.415\aws-java-sdk-s3-1.11.415.jar;C:\Users\Kamna\.m2\repository\com\amazonaws\aws-java-sdk-kms\1.11.415\aws-java-sdk-kms-1.11.415.jar;C:\Users\Kamna\.m2\repository\com\amazonaws\aws-java-sdk-core\1.11.415\aws-java-sdk-core-1.11.415.jar;C:\Users\Kamna\.m2\repository\org\apache\httpcomponents\httpclient\4.5.12\httpclient-4.5.12.jar;C:\Users\Kamna\.m2\repository\org\apache\httpcomponents\httpcore\4.4.13\httpcore-4.4.13.jar;C:\Users\Kamna\.m2\repository\commons-codec\commons-codec\1.14\commons-codec-1.14.jar;C:\Users\Kamna\.m2\repository\software\amazon\ion\ion-java\1.0.2\ion-java-1.0.2.jar;C:\Users\Kamna\.m2\repository\com\fasterxml\jackson\dataformat\jackson-dataformat-cbor\2.11.0\jackson-dataformat-cbor-2.11.0.jar;C:\Users\Kamna\.m2\repository\com\amazonaws\jmespath-java\1.11.415\jmespath-java-1.11.415.jar;C:\Users\Kamna\.m2\repository\com\github\derjust\spring-data-dynamodb\5.1.0\spring-data-dynamodb-5.1.0.jar;C:\Users\Kamna\.m2\repository\org\springframework\spring-context\5.2.7.RELEASE\spring-context-5.2.7.RELEASE.jar;C:\Users\Kamna\.m2\repository\org\springframework\spring-aop\5.2.7.RELEASE\spring-aop-5.2.7.RELEASE.jar;C:\Users\Kamna\.m2\repository\org\springframework\spring-expression\5.2.7.RELEASE\spring-expression-5.2.7.RELEASE.jar;C:\Users\Kamna\.m2\repository\org\springframework\spring-tx\5.2.7.RELEASE\spring-tx-5.2.7.RELEASE.jar;C:\Users\Kamna\.m2\repository\org\springframework\data\spring-data-commons\2.1.16.RELEASE\spring-data-commons-2.1.16.RELEASE.jar;C:\Users\Kamna\.m2\repository\org\hibernate\validator\hibernate-validator\6.1.5.Final\hibernate-validator-6.1.5.Final.jar;C:\Users\Kamna\.m2\repository\jakarta\validation\jakarta.validation-api\2.0.2\jakarta.validation-api-2.0.2.jar;C:\Users\Kamna\.m2\repository\org\jboss\logging\jboss-logging\3.4.1.Final\jboss-logging-3.4.1.Final.jar;C:\Users\Kamna\.m2\repository\com\fasterxml\classmate\1.5.1\classmate-1.5.1.jar;C:\Users\Kamna\.m2\repository\javax\enterprise\cdi-api\1.2\cdi-api-1.2.jar;C:\Users\Kamna\.m2\repository\javax\el\javax.el-api\3.0.0\javax.el-api-3.0.0.jar;C:\Users\Kamna\.m2\repository\javax\interceptor\javax.interceptor-api\1.2\javax.interceptor-api-1.2.jar;C:\Users\Kamna\.m2\repository\javax\inject\javax.inject\1\javax.inject-1.jar;C:\Users\Kamna\.m2\repository\com\amazonaws\DynamoDBLocal\1.11.0.1\DynamoDBLocal-1.11.0.1.jar;C:\Users\Kamna\.m2\repository\org\antlr\antlr4-runtime\4.1\antlr4-runtime-4.1.jar;C:\Users\Kamna\.m2\repository\org\abego\treelayout\org.abego.treelayout.core\1.0.1\org.abego.treelayout.core-1.0.1.jar;C:\Users\Kamna\.m2\repository\commons-cli\commons-cli\1.2\commons-cli-1.2.jar;C:\Users\Kamna\.m2\repository\org\apache\commons\commons-lang3\3.10\commons-lang3-3.10.jar;C:\Users\Kamna\.m2\repository\org\apache\logging\log4j\log4j-api\2.13.3\log4j-api-2.13.3.jar;C:\Users\Kamna\.m2\repository\org\apache\logging\log4j\log4j-core\2.13.3\log4j-core-2.13.3.jar;C:\Users\Kamna\.m2\repository\org\eclipse\jetty\jetty-client\9.4.29.v20200521\jetty-client-9.4.29.v20200521.jar;C:\Users\Kamna\.m2\repository\org\eclipse\jetty\jetty-http\9.4.29.v20200521\jetty-http-9.4.29.v20200521.jar;C:\Users\Kamna\.m2\repository\org\eclipse\jetty\jetty-util\9.4.29.v20200521\jetty-util-9.4.29.v20200521.jar;C:\Users\Kamna\.m2\repository\org\eclipse\jetty\jetty-io\9.4.29.v20200521\jetty-io-9.4.29.v20200521.jar;C:\Users\Kamna\.m2\repository\org\eclipse\jetty\jetty-server\9.4.29.v20200521\jetty-server-9.4.29.v20200521.jar;C:\Users\Kamna\.m2\repository\javax\servlet\javax.servlet-api\4.0.1\javax.servlet-api-4.0.1.jar;C:\Users\Kamna\.m2\repository\com\almworks\sqlite4java\sqlite4java\1.0.392\sqlite4java-1.0.392.jar;"/>
    <property name="sun.cpu.endian" value="little"/>
    <property name="user.home" value="C:\Users\Kamna"/>
    <property name="user.language" value="en"/>
    <property name="java.specification.vendor" value="Oracle Corporation"/>
    <property name="java.version.date" value="2020-01-14"/>
    <property name="java.home" value="C:\Program Files\JetBrains\IntelliJ IDEA 2019.3.5\jbr"/>
    <property name="file.separator" value="\"/>
    <property name="basedir" value="C:\Users\Kamna\IdeaProjects\MarketPriceHandler"/>
    <property name="java.vm.compressedOopsMode" value="Zero based"/>
    <property name="line.separator" value="&#10;"/>
    <property name="java.specification.name" value="Java Platform API Specification"/>
    <property name="java.vm.specification.vendor" value="Oracle Corporation"/>
    <property name="java.awt.graphicsenv" value="sun.awt.Win32GraphicsEnvironment"/>
    <property name="surefire.real.class.path" value="C:\Users\Kamna\AppData\Local\Temp\surefire2611384632230228577\surefirebooter18106957476940222959.jar"/>
    <property name="user.script" value=""/>
    <property name="sun.management.compiler" value="HotSpot 64-Bit Tiered Compilers"/>
    <property name="java.runtime.version" value="11.0.6+8-b520.66"/>
    <property name="user.name" value="Kamna"/>
    <property name="path.separator" value=";"/>
    <property name="os.version" value="10.0"/>
    <property name="java.runtime.name" value="OpenJDK Runtime Environment"/>
    <property name="file.encoding" value="Cp1252"/>
    <property name="java.vm.name" value="OpenJDK 64-Bit Server VM"/>
    <property name="localRepository" value="C:\Users\Kamna\.m2\repository"/>
    <property name="java.vendor.url.bug" value="https://youtrack.jetbrains.com"/>
    <property name="java.io.tmpdir" value="C:\Users\Kamna\AppData\Local\Temp\"/>
    <property name="java.version" value="11.0.6"/>
    <property name="user.dir" value="C:\Users\Kamna\IdeaProjects\MarketPriceHandler"/>
    <property name="os.arch" value="amd64"/>
    <property name="java.vm.specification.name" value="Java Virtual Machine Specification"/>
    <property name="java.awt.printerjob" value="sun.awt.windows.WPrinterJob"/>
    <property name="sun.os.patch.level" value=""/>
    <property name="idea.version2019.3.5" value="true"/>
    <property name="java.library.path" value="C:\Program Files\JetBrains\IntelliJ IDEA 2019.3.5\jbr\bin;C:\Windows\Sun\Java\bin;C:\Windows\system32;C:\Windows;C:\Windows\system32;C:\Windows;C:\Windows\System32\Wbem;C:\Windows\System32\WindowsPowerShell\v1.0\;C:\Windows\System32\OpenSSH\;C:\Program Files\dotnet\;C:\Users\Kamna\AppData\Local\Microsoft\WindowsApps;;."/>
    <property name="java.vendor" value="JetBrains s.r.o"/>
    <property name="java.vm.info" value="mixed mode, sharing"/>
    <property name="java.vm.version" value="11.0.6+8-b520.66"/>
    <property name="sun.io.unicode.encoding" value="UnicodeLittle"/>
    <property name="java.class.version" value="55.0"/>
  </properties>
  <testcase name="testMarketPriceHandler" classname="com.santandar.market.handler.MarketPriceHandlerTest" time="0.1"/>
</testsuite>