<?xml version="1.0" encoding="UTF-8"?>
<testsuite xmlns:xsi="http://www.w3.org/2001/XMLSchema-instance" xsi:noNamespaceSchemaLocation="https://maven.apache.org/surefire/maven-surefire-plugin/xsd/surefire-test-report.xsd" name="com.santandar.market.dynamodb.repositories.InstrumentRepositoryTest" time="2.75" tests="1" errors="1" skipped="0" failures="0">
  <properties>
    <property name="sun.desktop" value="windows"/>
    <property name="awt.toolkit" value="sun.awt.windows.WToolkit"/>
    <property name="java.specification.version" value="11"/>
    <property name="sun.cpu.isalist" value="amd64"/>
    <property name="sun.jnu.encoding" value="Cp1252"/>
    <property name="java.class.path" value="C:\Users\Kamna\IdeaProjects\MarketPriceHandler\target\test-classes;C:\Users\Kamna\IdeaProjects\MarketPriceHandler\target\classes;C:\Users\Kamna\.m2\repository\org\springframework\boot\spring-boot-starter\2.3.1.RELEASE\spring-boot-starter-2.3.1.RELEASE.jar;C:\Users\Kamna\.m2\repository\org\springframework\boot\spring-boot\2.3.1.RELEASE\spring-boot-2.3.1.RELEASE.jar;C:\Users\Kamna\.m2\repository\org\springframework\boot\spring-boot-autoconfigure\2.3.1.RELEASE\spring-boot-autoconfigure-2.3.1.RELEASE.jar;C:\Users\Kamna\.m2\repository\org\springframework\boot\spring-boot-starter-logging\2.3.1.RELEASE\spring-boot-starter-logging-2.3.1.RELEASE.jar;C:\Users\Kamna\.m2\repository\ch\qos\logback\logback-classic\1.2.3\logback-classic-1.2.3.jar;C:\Users\Kamna\.m2\repository\ch\qos\logback\logback-core\1.2.3\logback-core-1.2.3.jar;C:\Users\Kamna\.m2\repository\org\apache\logging\log4j\log4j-to-slf4j\2.13.3\log4j-to-slf4j-2.13.3.jar;C:\Users\Kamna\.m2\repository\org\slf4j\jul-to-slf4j\1.7.30\jul-to-slf4j-1.7.30.jar;C:\Users\Kamna\.m2\repository\jakarta\annotation\jakarta.annotation-api\1.3.5\jakarta.annotation-api-1.3.5.jar;C:\Users\Kamna\.m2\repository\org\springframework\spring-core\5.2.7.RELEASE\spring-core-5.2.7.RELEASE.jar;C:\Users\Kamna\.m2\repository\org\springframework\spring-jcl\5.2.7.RELEASE\spring-jcl-5.2.7.RELEASE.jar;C:\Users\Kamna\.m2\repository\org\yaml\snakeyaml\1.26\snakeyaml-1.26.jar;C:\Users\Kamna\.m2\repository\org\springframework\cloud\spring-cloud-function-adapter-aws\3.0.8.RELEASE\spring-cloud-function-adapter-aws-3.0.8.RELEASE.jar;C:\Users\Kamna\.m2\repository\org\springframework\cloud\spring-cloud-function-context\3.0.8.RELEASE\spring-cloud-function-context-3.0.8.RELEASE.jar;C:\Users\Kamna\.m2\repository\net\jodah\typetools\0.6.2\typetools-0.6.2.jar;C:\Users\Kamna\.m2\repository\org\springframework\cloud\spring-cloud-function-core\3.0.8.RELEASE\spring-cloud-function-core-3.0.8.RELEASE.jar;C:\Users\Kamna\.m2\repository\org\springframework\spring-messaging\5.2.7.RELEASE\spring-messaging-5.2.7.RELEASE.jar;C:\Users\Kamna\.m2\repository\org\springframework\spring-web\5.2.7.RELEASE\spring-web-5.2.7.RELEASE.jar;C:\Users\Kamna\.m2\repository\org\springframework\spring-beans\5.2.7.RELEASE\spring-beans-5.2.7.RELEASE.jar;C:\Users\Kamna\.m2\repository\com\fasterxml\jackson\core\jackson-databind\2.11.0\jackson-databind-2.11.0.jar;C:\Users\Kamna\.m2\repository\com\fasterxml\jackson\core\jackson-annotations\2.11.0\jackson-annotations-2.11.0.jar;C:\Users\Kamna\.m2\repository\com\fasterxml\jackson\core\jackson-core\2.11.0\jackson-core-2.11.0.jar;C:\Users\Kamna\.m2\repository\io\projectreactor\reactor-core\3.3.6.RELEASE\reactor-core-3.3.6.RELEASE.jar;C:\Users\Kamna\.m2\repository\org\reactivestreams\reactive-streams\1.0.3\reactive-streams-1.0.3.jar;C:\Users\Kamna\.m2\repository\javax\annotation\javax.annotation-api\1.3.2\javax.annotation-api-1.3.2.jar;C:\Users\Kamna\.m2\repository\com\amazonaws\aws-lambda-java-events\2.0.2\aws-lambda-java-events-2.0.2.jar;C:\Users\Kamna\.m2\repository\joda-time\joda-time\2.6\joda-time-2.6.jar;C:\Users\Kamna\.m2\repository\com\amazonaws\aws-lambda-java-core\1.1.0\aws-lambda-java-core-1.1.0.jar;C:\Users\Kamna\.m2\repository\org\projectlombok\lombok\1.18.12\lombok-1.18.12.jar;C:\Users\Kamna\.m2\repository\org\springframework\boot\spring-boot-starter-test\2.3.1.RELEASE\spring-boot-starter-test-2.3.1.RELEASE.jar;C:\Users\Kamna\.m2\repository\org\springframework\boot\spring-boot-test\2.3.1.RELEASE\spring-boot-test-2.3.1.RELEASE.jar;C:\Users\Kamna\.m2\repository\org\springframework\boot\spring-boot-test-autoconfigure\2.3.1.RELEASE\spring-boot-test-autoconfigure-2.3.1.RELEASE.jar;C:\Users\Kamna\.m2\repository\com\jayway\jsonpath\json-path\2.4.0\json-path-2.4.0.jar;C:\Users\Kamna\.m2\repository\net\minidev\json-smart\2.3\json-smart-2.3.jar;C:\Users\Kamna\.m2\repository\net\minidev\accessors-smart\1.2\accessors-smart-1.2.jar;C:\Users\Kamna\.m2\repository\org\ow2\asm\asm\5.0.4\asm-5.0.4.jar;C:\Users\Kamna\.m2\repository\org\slf4j\slf4j-api\1.7.30\slf4j-api-1.7.30.jar;C:\Users\Kamna\.m2\repository\jakarta\xml\bind\jakarta.xml.bind-api\2.3.3\jakarta.xml.bind-api-2.3.3.jar;C:\Users\Kamna\.m2\repository\jakarta\activation\jakarta.activation-api\1.2.2\jakarta.activation-api-1.2.2.jar;C:\Users\Kamna\.m2\repository\org\assertj\assertj-core\3.16.1\assertj-core-3.16.1.jar;C:\Users\Kamna\.m2\repository\org\hamcrest\hamcrest\2.2\hamcrest-2.2.jar;C:\Users\Kamna\.m2\repository\org\junit\jupiter\junit-jupiter\5.6.2\junit-jupiter-5.6.2.jar;C:\Users\Kamna\.m2\repository\org\junit\jupiter\junit-jupiter-params\5.6.2\junit-jupiter-params-5.6.2.jar;C:\Users\Kamna\.m2\repository\org\mockito\mockito-core\3.3.3\mockito-core-3.3.3.jar;C:\Users\Kamna\.m2\repository\net\bytebuddy\byte-buddy\1.10.11\byte-buddy-1.10.11.jar;C:\Users\Kamna\.m2\repository\net\bytebuddy\byte-buddy-agent\1.10.11\byte-buddy-agent-1.10.11.jar;C:\Users\Kamna\.m2\repository\org\objenesis\objenesis\2.6\objenesis-2.6.jar;C:\Users\Kamna\.m2\repository\org\mockito\mockito-junit-jupiter\3.3.3\mockito-junit-jupiter-3.3.3.jar;C:\Users\Kamna\.m2\repository\org\skyscreamer\jsonassert\1.5.0\jsonassert-1.5.0.jar;C:\Users\Kamna\.m2\repository\com\vaadin\external\google\android-json\0.0.20131108.vaadin1\android-json-0.0.20131108.vaadin1.jar;C:\Users\Kamna\.m2\repository\org\springframework\spring-test\5.2.7.RELEASE\spring-test-5.2.7.RELEASE.jar;C:\Users\Kamna\.m2\repository\org\xmlunit\xmlunit-core\2.7.0\xmlunit-core-2.7.0.jar;C:\Users\Kamna\.m2\repository\org\junit\jupiter\junit-jupiter-api\5.6.2\junit-jupiter-api-5.6.2.jar;C:\Users\Kamna\.m2\repository\org\apiguardian\apiguardian-api\1.1.0\apiguardian-api-1.1.0.jar;C:\Users\Kamna\.m2\repository\org\opentest4j\opentest4j\1.2.0\opentest4j-1.2.0.jar;C:\Users\Kamna\.m2\repository\org\junit\platform\junit-platform-commons\1.6.2\junit-platform-commons-1.6.2.jar;C:\Users\Kamna\.m2\repository\org\junit\jupiter\junit-jupiter-engine\5.6.2\junit-jupiter-engine-5.6.2.jar;C:\Users\Kamna\.m2\repository\org\junit\platform\junit-platform-engine\1.6.2\junit-platform-engine-1.6.2.jar;C:\Users\Kamna\.m2\repository\org\mapstruct\mapstruct\1.5.3.Final\mapstruct-1.5.3.Final.jar;C:\Users\Kamna\.m2\repository\com\amazonaws\aws-java-sdk-dynamodb\1.11.64\aws-java-sdk-dynamodb-1.11.64.jar;C:\Users\Kamna\.m2\repository\com\amazonaws\aws-java-sdk-s3\1.11.415\aws-java-sdk-s3-1.11.415.jar;C:\Users\Kamna\.m2\repository\com\amazonaws\aws-java-sdk-kms\1.11.415\aws-java-sdk-kms-1.11.415.jar;C:\Users\Kamna\.m2\repository\com\amazonaws\aws-java-sdk-core\1.11.415\aws-java-sdk-core-1.11.415.jar;C:\Users\Kamna\.m2\repository\org\apache\httpcomponents\httpclient\4.5.12\httpclient-4.5.12.jar;C:\Users\Kamna\.m2\repository\org\apache\httpcomponents\httpcore\4.4.13\httpcore-4.4.13.jar;C:\Users\Kamna\.m2\repository\commons-codec\commons-codec\1.14\commons-codec-1.14.jar;C:\Users\Kamna\.m2\repository\software\amazon\ion\ion-java\1.0.2\ion-java-1.0.2.jar;C:\Users\Kamna\.m2\repository\com\fasterxml\jackson\dataformat\jackson-dataformat-cbor\2.11.0\jackson-dataformat-cbor-2.11.0.jar;C:\Users\Kamna\.m2\repository\com\amazonaws\jmespath-java\1.11.415\jmespath-java-1.11.415.jar;C:\Users\Kamna\.m2\repository\com\github\derjust\spring-data-dynamodb\5.1.0\spring-data-dynamodb-5.1.0.jar;C:\Users\Kamna\.m2\repository\org\springframework\spring-context\5.2.7.RELEASE\spring-context-5.2.7.RELEASE.jar;C:\Users\Kamna\.m2\repository\org\springframework\spring-aop\5.2.7.RELEASE\spring-aop-5.2.7.RELEASE.jar;C:\Users\Kamna\.m2\repository\org\springframework\spring-expression\5.2.7.RELEASE\spring-expression-5.2.7.RELEASE.jar;C:\Users\Kamna\.m2\repository\org\springframework\spring-tx\5.2.7.RELEASE\spring-tx-5.2.7.RELEASE.jar;C:\Users\Kamna\.m2\repository\org\springframework\data\spring-data-commons\2.1.16.RELEASE\spring-data-commons-2.1.16.RELEASE.jar;C:\Users\Kamna\.m2\repository\org\hibernate\validator\hibernate-validator\6.1.5.Final\hibernate-validator-6.1.5.Final.jar;C:\Users\Kamna\.m2\repository\jakarta\validation\jakarta.validation-api\2.0.2\jakarta.validation-api-2.0.2.jar;C:\Users\Kamna\.m2\repository\org\jboss\logging\jboss-logging\3.4.1.Final\jboss-logging-3.4.1.Final.jar;C:\Users\Kamna\.m2\repository\com\fasterxml\classmate\1.5.1\classmate-1.5.1.jar;C:\Users\Kamna\.m2\repository\javax\enterprise\cdi-api\1.2\cdi-api-1.2.jar;C:\Users\Kamna\.m2\repository\javax\el\javax.el-api\3.0.0\javax.el-api-3.0.0.jar;C:\Users\Kamna\.m2\repository\javax\interceptor\javax.interceptor-api\1.2\javax.interceptor-api-1.2.jar;C:\Users\Kamna\.m2\repository\javax\inject\javax.inject\1\javax.inject-1.jar;C:\Users\Kamna\.m2\repository\com\amazonaws\DynamoDBLocal\1.11.0.1\DynamoDBLocal-1.11.0.1.jar;C:\Users\Kamna\.m2\repository\org\antlr\antlr4-runtime\4.1\antlr4-runtime-4.1.jar;C:\Users\Kamna\.m2\repository\org\abego\treelayout\org.abego.treelayout.core\1.0.1\org.abego.treelayout.core-1.0.1.jar;C:\Users\Kamna\.m2\repository\commons-cli\commons-cli\1.2\commons-cli-1.2.jar;C:\Users\Kamna\.m2\repository\org\apache\commons\commons-lang3\3.10\commons-lang3-3.10.jar;C:\Users\Kamna\.m2\repository\org\apache\logging\log4j\log4j-api\2.13.3\log4j-api-2.13.3.jar;C:\Users\Kamna\.m2\repository\org\apache\logging\log4j\log4j-core\2.13.3\log4j-core-2.13.3.jar;C:\Users\Kamna\.m2\repository\org\eclipse\jetty\jetty-client\9.4.29.v20200521\jetty-client-9.4.29.v20200521.jar;C:\Users\Kamna\.m2\repository\org\eclipse\jetty\jetty-http\9.4.29.v20200521\jetty-http-9.4.29.v20200521.jar;C:\Users\Kamna\.m2\repository\org\eclipse\jetty\jetty-util\9.4.29.v20200521\jetty-util-9.4.29.v20200521.jar;C:\Users\Kamna\.m2\repository\org\eclipse\jetty\jetty-io\9.4.29.v20200521\jetty-io-9.4.29.v20200521.jar;C:\Users\Kamna\.m2\repository\org\eclipse\jetty\jetty-server\9.4.29.v20200521\jetty-server-9.4.29.v20200521.jar;C:\Users\Kamna\.m2\repository\javax\servlet\javax.servlet-api\4.0.1\javax.servlet-api-4.0.1.jar;C:\Users\Kamna\.m2\repository\com\almworks\sqlite4java\sqlite4java\1.0.392\sqlite4java-1.0.392.jar;"/>
    <property name="java.vm.vendor" value="JetBrains s.r.o"/>
    <property name="sun.arch.data.model" value="64"/>
    <property name="user.variant" value=""/>
    <property name="java.vendor.url" value="https://www.jetbrains.com/"/>
    <property name="user.timezone" value="Europe/Belgrade"/>
    <property name="java.vm.specification.version" value="11"/>
    <property name="os.name" value="Windows 10"/>
    <property name="sun.java.launcher" value="SUN_STANDARD"/>
    <property name="user.country" value="US"/>
    <property name="sun.boot.library.path" value="C:\Program Files\JetBrains\IntelliJ IDEA 2019.3.5\jbr\bin"/>
    <property name="sun.java.command" value="C:\Users\Kamna\AppData\Local\Temp\surefire2611384632230228577\surefirebooter18106957476940222959.jar C:\Users\Kamna\AppData\Local\Temp\surefire2611384632230228577 2022-12-31T01-06-59_399-jvmRun1 surefire16588558993992151313tmp surefire_08426352096040707499tmp"/>
    <property name="jdk.debug" value="release"/>
    <property name="surefire.test.class.path" value="C:\Users\Kamna\IdeaProjects\MarketPriceHandler\target\test-classes;C:\Users\Kamna\IdeaProjects\MarketPriceHandler\target\classes;C:\Users\Kamna\.m2\repository\org\springframework\boot\spring-boot-starter\2.3.1.RELEASE\spring-boot-starter-2.3.1.RELEASE.jar;C:\Users\Kamna\.m2\repository\org\springframework\boot\spring-boot\2.3.1.RELEASE\spring-boot-2.3.1.RELEASE.jar;C:\Users\Kamna\.m2\repository\org\springframework\boot\spring-boot-autoconfigure\2.3.1.RELEASE\spring-boot-autoconfigure-2.3.1.RELEASE.jar;C:\Users\Kamna\.m2\repository\org\springframework\boot\spring-boot-starter-logging\2.3.1.RELEASE\spring-boot-starter-logging-2.3.1.RELEASE.jar;C:\Users\Kamna\.m2\repository\ch\qos\logback\logback-classic\1.2.3\logback-classic-1.2.3.jar;C:\Users\Kamna\.m2\repository\ch\qos\logback\logback-core\1.2.3\logback-core-1.2.3.jar;C:\Users\Kamna\.m2\repository\org\apache\logging\log4j\log4j-to-slf4j\2.13.3\log4j-to-slf4j-2.13.3.jar;C:\Users\Kamna\.m2\repository\org\slf4j\jul-to-slf4j\1.7.30\jul-to-slf4j-1.7.30.jar;C:\Users\Kamna\.m2\repository\jakarta\annotation\jakarta.annotation-api\1.3.5\jakarta.annotation-api-1.3.5.jar;C:\Users\Kamna\.m2\repository\org\springframework\spring-core\5.2.7.RELEASE\spring-core-5.2.7.RELEASE.jar;C:\Users\Kamna\.m2\repository\org\springframework\spring-jcl\5.2.7.RELEASE\spring-jcl-5.2.7.RELEASE.jar;C:\Users\Kamna\.m2\repository\org\yaml\snakeyaml\1.26\snakeyaml-1.26.jar;C:\Users\Kamna\.m2\repository\org\springframework\cloud\spring-cloud-function-adapter-aws\3.0.8.RELEASE\spring-cloud-function-adapter-aws-3.0.8.RELEASE.jar;C:\Users\Kamna\.m2\repository\org\springframework\cloud\spring-cloud-function-context\3.0.8.RELEASE\spring-cloud-function-context-3.0.8.RELEASE.jar;C:\Users\Kamna\.m2\repository\net\jodah\typetools\0.6.2\typetools-0.6.2.jar;C:\Users\Kamna\.m2\repository\org\springframework\cloud\spring-cloud-function-core\3.0.8.RELEASE\spring-cloud-function-core-3.0.8.RELEASE.jar;C:\Users\Kamna\.m2\repository\org\springframework\spring-messaging\5.2.7.RELEASE\spring-messaging-5.2.7.RELEASE.jar;C:\Users\Kamna\.m2\repository\org\springframework\spring-web\5.2.7.RELEASE\spring-web-5.2.7.RELEASE.jar;C:\Users\Kamna\.m2\repository\org\springframework\spring-beans\5.2.7.RELEASE\spring-beans-5.2.7.RELEASE.jar;C:\Users\Kamna\.m2\repository\com\fasterxml\jackson\core\jackson-databind\2.11.0\jackson-databind-2.11.0.jar;C:\Users\Kamna\.m2\repository\com\fasterxml\jackson\core\jackson-annotations\2.11.0\jackson-annotations-2.11.0.jar;C:\Users\Kamna\.m2\repository\com\fasterxml\jackson\core\jackson-core\2.11.0\jackson-core-2.11.0.jar;C:\Users\Kamna\.m2\repository\io\projectreactor\reactor-core\3.3.6.RELEASE\reactor-core-3.3.6.RELEASE.jar;C:\Users\Kamna\.m2\repository\org\reactivestreams\reactive-streams\1.0.3\reactive-streams-1.0.3.jar;C:\Users\Kamna\.m2\repository\javax\annotation\javax.annotation-api\1.3.2\javax.annotation-api-1.3.2.jar;C:\Users\Kamna\.m2\repository\com\amazonaws\aws-lambda-java-events\2.0.2\aws-lambda-java-events-2.0.2.jar;C:\Users\Kamna\.m2\repository\joda-time\joda-time\2.6\joda-time-2.6.jar;C:\Users\Kamna\.m2\repository\com\amazonaws\aws-lambda-java-core\1.1.0\aws-lambda-java-core-1.1.0.jar;C:\Users\Kamna\.m2\repository\org\projectlombok\lombok\1.18.12\lombok-1.18.12.jar;C:\Users\Kamna\.m2\repository\org\springframework\boot\spring-boot-starter-test\2.3.1.RELEASE\spring-boot-starter-test-2.3.1.RELEASE.jar;C:\Users\Kamna\.m2\repository\org\springframework\boot\spring-boot-test\2.3.1.RELEASE\spring-boot-test-2.3.1.RELEASE.jar;C:\Users\Kamna\.m2\repository\org\springframework\boot\spring-boot-test-autoconfigure\2.3.1.RELEASE\spring-boot-test-autoconfigure-2.3.1.RELEASE.jar;C:\Users\Kamna\.m2\repository\com\jayway\jsonpath\json-path\2.4.0\json-path-2.4.0.jar;C:\Users\Kamna\.m2\repository\net\minidev\json-smart\2.3\json-smart-2.3.jar;C:\Users\Kamna\.m2\repository\net\minidev\accessors-smart\1.2\accessors-smart-1.2.jar;C:\Users\Kamna\.m2\repository\org\ow2\asm\asm\5.0.4\asm-5.0.4.jar;C:\Users\Kamna\.m2\repository\org\slf4j\slf4j-api\1.7.30\slf4j-api-1.7.30.jar;C:\Users\Kamna\.m2\repository\jakarta\xml\bind\jakarta.xml.bind-api\2.3.3\jakarta.xml.bind-api-2.3.3.jar;C:\Users\Kamna\.m2\repository\jakarta\activation\jakarta.activation-api\1.2.2\jakarta.activation-api-1.2.2.jar;C:\Users\Kamna\.m2\repository\org\assertj\assertj-core\3.16.1\assertj-core-3.16.1.jar;C:\Users\Kamna\.m2\repository\org\hamcrest\hamcrest\2.2\hamcrest-2.2.jar;C:\Users\Kamna\.m2\repository\org\junit\jupiter\junit-jupiter\5.6.2\junit-jupiter-5.6.2.jar;C:\Users\Kamna\.m2\repository\org\junit\jupiter\junit-jupiter-params\5.6.2\junit-jupiter-params-5.6.2.jar;C:\Users\Kamna\.m2\repository\org\mockito\mockito-core\3.3.3\mockito-core-3.3.3.jar;C:\Users\Kamna\.m2\repository\net\bytebuddy\byte-buddy\1.10.11\byte-buddy-1.10.11.jar;C:\Users\Kamna\.m2\repository\net\bytebuddy\byte-buddy-agent\1.10.11\byte-buddy-agent-1.10.11.jar;C:\Users\Kamna\.m2\repository\org\objenesis\objenesis\2.6\objenesis-2.6.jar;C:\Users\Kamna\.m2\repository\org\mockito\mockito-junit-jupiter\3.3.3\mockito-junit-jupiter-3.3.3.jar;C:\Users\Kamna\.m2\repository\org\skyscreamer\jsonassert\1.5.0\jsonassert-1.5.0.jar;C:\Users\Kamna\.m2\repository\com\vaadin\external\google\android-json\0.0.20131108.vaadin1\android-json-0.0.20131108.vaadin1.jar;C:\Users\Kamna\.m2\repository\org\springframework\spring-test\5.2.7.RELEASE\spring-test-5.2.7.RELEASE.jar;C:\Users\Kamna\.m2\repository\org\xmlunit\xmlunit-core\2.7.0\xmlunit-core-2.7.0.jar;C:\Users\Kamna\.m2\repository\org\junit\jupiter\junit-jupiter-api\5.6.2\junit-jupiter-api-5.6.2.jar;C:\Users\Kamna\.m2\repository\org\apiguardian\apiguardian-api\1.1.0\apiguardian-api-1.1.0.jar;C:\Users\Kamna\.m2\repository\org\opentest4j\opentest4j\1.2.0\opentest4j-1.2.0.jar;C:\Users\Kamna\.m2\repository\org\junit\platform\junit-platform-commons\1.6.2\junit-platform-commons-1.6.2.jar;C:\Users\Kamna\.m2\repository\org\junit\jupiter\junit-jupiter-engine\5.6.2\junit-jupiter-engine-5.6.2.jar;C:\Users\Kamna\.m2\repository\org\junit\platform\junit-platform-engine\1.6.2\junit-platform-engine-1.6.2.jar;C:\Users\Kamna\.m2\repository\org\mapstruct\mapstruct\1.5.3.Final\mapstruct-1.5.3.Final.jar;C:\Users\Kamna\.m2\repository\com\amazonaws\aws-java-sdk-dynamodb\1.11.64\aws-java-sdk-dynamodb-1.11.64.jar;C:\Users\Kamna\.m2\repository\com\amazonaws\aws-java-sdk-s3\1.11.415\aws-java-sdk-s3-1.11.415.jar;C:\Users\Kamna\.m2\repository\com\amazonaws\aws-java-sdk-kms\1.11.415\aws-java-sdk-kms-1.11.415.jar;C:\Users\Kamna\.m2\repository\com\amazonaws\aws-java-sdk-core\1.11.415\aws-java-sdk-core-1.11.415.jar;C:\Users\Kamna\.m2\repository\org\apache\httpcomponents\httpclient\4.5.12\httpclient-4.5.12.jar;C:\Users\Kamna\.m2\repository\org\apache\httpcomponents\httpcore\4.4.13\httpcore-4.4.13.jar;C:\Users\Kamna\.m2\repository\commons-codec\commons-codec\1.14\commons-codec-1.14.jar;C:\Users\Kamna\.m2\repository\software\amazon\ion\ion-java\1.0.2\ion-java-1.0.2.jar;C:\Users\Kamna\.m2\repository\com\fasterxml\jackson\dataformat\jackson-dataformat-cbor\2.11.0\jackson-dataformat-cbor-2.11.0.jar;C:\Users\Kamna\.m2\repository\com\amazonaws\jmespath-java\1.11.415\jmespath-java-1.11.415.jar;C:\Users\Kamna\.m2\repository\com\github\derjust\spring-data-dynamodb\5.1.0\spring-data-dynamodb-5.1.0.jar;C:\Users\Kamna\.m2\repository\org\springframework\spring-context\5.2.7.RELEASE\spring-context-5.2.7.RELEASE.jar;C:\Users\Kamna\.m2\repository\org\springframework\spring-aop\5.2.7.RELEASE\spring-aop-5.2.7.RELEASE.jar;C:\Users\Kamna\.m2\repository\org\springframework\spring-expression\5.2.7.RELEASE\spring-expression-5.2.7.RELEASE.jar;C:\Users\Kamna\.m2\repository\org\springframework\spring-tx\5.2.7.RELEASE\spring-tx-5.2.7.RELEASE.jar;C:\Users\Kamna\.m2\repository\org\springframework\data\spring-data-commons\2.1.16.RELEASE\spring-data-commons-2.1.16.RELEASE.jar;C:\Users\Kamna\.m2\repository\org\hibernate\validator\hibernate-validator\6.1.5.Final\hibernate-validator-6.1.5.Final.jar;C:\Users\Kamna\.m2\repository\jakarta\validation\jakarta.validation-api\2.0.2\jakarta.validation-api-2.0.2.jar;C:\Users\Kamna\.m2\repository\org\jboss\logging\jboss-logging\3.4.1.Final\jboss-logging-3.4.1.Final.jar;C:\Users\Kamna\.m2\repository\com\fasterxml\classmate\1.5.1\classmate-1.5.1.jar;C:\Users\Kamna\.m2\repository\javax\enterprise\cdi-api\1.2\cdi-api-1.2.jar;C:\Users\Kamna\.m2\repository\javax\el\javax.el-api\3.0.0\javax.el-api-3.0.0.jar;C:\Users\Kamna\.m2\repository\javax\interceptor\javax.interceptor-api\1.2\javax.interceptor-api-1.2.jar;C:\Users\Kamna\.m2\repository\javax\inject\javax.inject\1\javax.inject-1.jar;C:\Users\Kamna\.m2\repository\com\amazonaws\DynamoDBLocal\1.11.0.1\DynamoDBLocal-1.11.0.1.jar;C:\Users\Kamna\.m2\repository\org\antlr\antlr4-runtime\4.1\antlr4-runtime-4.1.jar;C:\Users\Kamna\.m2\repository\org\abego\treelayout\org.abego.treelayout.core\1.0.1\org.abego.treelayout.core-1.0.1.jar;C:\Users\Kamna\.m2\repository\commons-cli\commons-cli\1.2\commons-cli-1.2.jar;C:\Users\Kamna\.m2\repository\org\apache\commons\commons-lang3\3.10\commons-lang3-3.10.jar;C:\Users\Kamna\.m2\repository\org\apache\logging\log4j\log4j-api\2.13.3\log4j-api-2.13.3.jar;C:\Users\Kamna\.m2\repository\org\apache\logging\log4j\log4j-core\2.13.3\log4j-core-2.13.3.jar;C:\Users\Kamna\.m2\repository\org\eclipse\jetty\jetty-client\9.4.29.v20200521\jetty-client-9.4.29.v20200521.jar;C:\Users\Kamna\.m2\repository\org\eclipse\jetty\jetty-http\9.4.29.v20200521\jetty-http-9.4.29.v20200521.jar;C:\Users\Kamna\.m2\repository\org\eclipse\jetty\jetty-util\9.4.29.v20200521\jetty-util-9.4.29.v20200521.jar;C:\Users\Kamna\.m2\repository\org\eclipse\jetty\jetty-io\9.4.29.v20200521\jetty-io-9.4.29.v20200521.jar;C:\Users\Kamna\.m2\repository\org\eclipse\jetty\jetty-server\9.4.29.v20200521\jetty-server-9.4.29.v20200521.jar;C:\Users\Kamna\.m2\repository\javax\servlet\javax.servlet-api\4.0.1\javax.servlet-api-4.0.1.jar;C:\Users\Kamna\.m2\repository\com\almworks\sqlite4java\sqlite4java\1.0.392\sqlite4java-1.0.392.jar;"/>
    <property name="sun.cpu.endian" value="little"/>
    <property name="user.home" value="C:\Users\Kamna"/>
    <property name="user.language" value="en"/>
    <property name="java.specification.vendor" value="Oracle Corporation"/>
    <property name="java.version.date" value="2020-01-14"/>
    <property name="java.home" value="C:\Program Files\JetBrains\IntelliJ IDEA 2019.3.5\jbr"/>
    <property name="file.separator" value="\"/>
    <property name="basedir" value="C:\Users\Kamna\IdeaProjects\MarketPriceHandler"/>
    <property name="java.vm.compressedOopsMode" value="Zero based"/>
    <property name="line.separator" value="&#10;"/>
    <property name="java.specification.name" value="Java Platform API Specification"/>
    <property name="java.vm.specification.vendor" value="Oracle Corporation"/>
    <property name="java.awt.graphicsenv" value="sun.awt.Win32GraphicsEnvironment"/>
    <property name="surefire.real.class.path" value="C:\Users\Kamna\AppData\Local\Temp\surefire2611384632230228577\surefirebooter18106957476940222959.jar"/>
    <property name="user.script" value=""/>
    <property name="sun.management.compiler" value="HotSpot 64-Bit Tiered Compilers"/>
    <property name="java.runtime.version" value="11.0.6+8-b520.66"/>
    <property name="user.name" value="Kamna"/>
    <property name="path.separator" value=";"/>
    <property name="os.version" value="10.0"/>
    <property name="java.runtime.name" value="OpenJDK Runtime Environment"/>
    <property name="file.encoding" value="Cp1252"/>
    <property name="java.vm.name" value="OpenJDK 64-Bit Server VM"/>
    <property name="localRepository" value="C:\Users\Kamna\.m2\repository"/>
    <property name="java.vendor.url.bug" value="https://youtrack.jetbrains.com"/>
    <property name="java.io.tmpdir" value="C:\Users\Kamna\AppData\Local\Temp\"/>
    <property name="java.version" value="11.0.6"/>
    <property name="user.dir" value="C:\Users\Kamna\IdeaProjects\MarketPriceHandler"/>
    <property name="os.arch" value="amd64"/>
    <property name="java.vm.specification.name" value="Java Virtual Machine Specification"/>
    <property name="java.awt.printerjob" value="sun.awt.windows.WPrinterJob"/>
    <property name="sun.os.patch.level" value=""/>
    <property name="idea.version2019.3.5" value="true"/>
    <property name="java.library.path" value="C:\Program Files\JetBrains\IntelliJ IDEA 2019.3.5\jbr\bin;C:\Windows\Sun\Java\bin;C:\Windows\system32;C:\Windows;C:\Windows\system32;C:\Windows;C:\Windows\System32\Wbem;C:\Windows\System32\WindowsPowerShell\v1.0\;C:\Windows\System32\OpenSSH\;C:\Program Files\dotnet\;C:\Users\Kamna\AppData\Local\Microsoft\WindowsApps;;."/>
    <property name="java.vendor" value="JetBrains s.r.o"/>
    <property name="java.vm.info" value="mixed mode, sharing"/>
    <property name="java.vm.version" value="11.0.6+8-b520.66"/>
    <property name="sun.io.unicode.encoding" value="UnicodeLittle"/>
    <property name="java.class.version" value="55.0"/>
  </properties>
  <testcase name="givenItemWithExpectedCost_whenRunFindAll_thenItemIsFound" classname="com.santandar.market.dynamodb.repositories.InstrumentRepositoryTest" time="0.688">
    <error message="Instrument[update]; could not unconvert attribute" type="com.amazonaws.services.dynamodbv2.datamodeling.DynamoDBMappingException">com.amazonaws.services.dynamodbv2.datamodeling.DynamoDBMappingException: Instrument[update]; could not unconvert attribute
	at com.santandar.market.dynamodb.repositories.InstrumentRepositoryTest.givenItemWithExpectedCost_whenRunFindAll_thenItemIsFound(InstrumentRepositoryTest.java:63)
Caused by: com.amazonaws.services.dynamodbv2.datamodeling.DynamoDBMappingException: could not invoke null on class com.santandar.market.dynamodb.entities.Instrument with value Wed Jan 01 00:01:01 CET 2020 of type class java.util.Date
	at com.santandar.market.dynamodb.repositories.InstrumentRepositoryTest.givenItemWithExpectedCost_whenRunFindAll_thenItemIsFound(InstrumentRepositoryTest.java:63)
Caused by: java.lang.NullPointerException
	at com.santandar.market.dynamodb.repositories.InstrumentRepositoryTest.givenItemWithExpectedCost_whenRunFindAll_thenItemIsFound(InstrumentRepositoryTest.java:63)
</error>
    <system-out><![CDATA[01:07:00.200 [main] DEBUG org.springframework.test.context.BootstrapUtils - Instantiating CacheAwareContextLoaderDelegate from class [org.springframework.test.context.cache.DefaultCacheAwareContextLoaderDelegate]
01:07:00.206 [main] DEBUG org.springframework.test.context.BootstrapUtils - Instantiating BootstrapContext using constructor [public org.springframework.test.context.support.DefaultBootstrapContext(java.lang.Class,org.springframework.test.context.CacheAwareContextLoaderDelegate)]
01:07:00.225 [main] DEBUG org.springframework.test.context.BootstrapUtils - Instantiating TestContextBootstrapper for test class [com.santandar.market.dynamodb.repositories.InstrumentRepositoryTest] from class [org.springframework.boot.test.context.SpringBootTestContextBootstrapper]
01:07:00.234 [main] INFO org.springframework.boot.test.context.SpringBootTestContextBootstrapper - Neither @ContextConfiguration nor @ContextHierarchy found for test class [com.santandar.market.dynamodb.repositories.InstrumentRepositoryTest], using SpringBootContextLoader
01:07:00.236 [main] DEBUG org.springframework.test.context.support.AbstractContextLoader - Did not detect default resource location for test class [com.santandar.market.dynamodb.repositories.InstrumentRepositoryTest]: class path resource [com/santandar/market/dynamodb/repositories/InstrumentRepositoryTest-context.xml] does not exist
01:07:00.237 [main] DEBUG org.springframework.test.context.support.AbstractContextLoader - Did not detect default resource location for test class [com.santandar.market.dynamodb.repositories.InstrumentRepositoryTest]: class path resource [com/santandar/market/dynamodb/repositories/InstrumentRepositoryTestContext.groovy] does not exist
01:07:00.237 [main] INFO org.springframework.test.context.support.AbstractContextLoader - Could not detect default resource locations for test class [com.santandar.market.dynamodb.repositories.InstrumentRepositoryTest]: no resource found for suffixes {-context.xml, Context.groovy}.
01:07:00.237 [main] INFO org.springframework.test.context.support.AnnotationConfigContextLoaderUtils - Could not detect default configuration classes for test class [com.santandar.market.dynamodb.repositories.InstrumentRepositoryTest]: InstrumentRepositoryTest does not declare any static, non-private, non-final, nested classes annotated with @Configuration.
01:07:00.307 [main] DEBUG org.springframework.context.annotation.ClassPathScanningCandidateComponentProvider - Identified candidate component class: file [C:\Users\Kamna\IdeaProjects\MarketPriceHandler\target\classes\com\santandar\market\MarketApplication.class]
01:07:00.308 [main] INFO org.springframework.boot.test.context.SpringBootTestContextBootstrapper - Found @SpringBootConfiguration com.santandar.market.MarketApplication for test class com.santandar.market.dynamodb.repositories.InstrumentRepositoryTest
01:07:00.371 [main] DEBUG org.springframework.boot.test.context.SpringBootTestContextBootstrapper - @TestExecutionListeners is not present for class [com.santandar.market.dynamodb.repositories.InstrumentRepositoryTest]: using defaults.
01:07:00.371 [main] INFO org.springframework.boot.test.context.SpringBootTestContextBootstrapper - Loaded default TestExecutionListener class names from location [META-INF/spring.factories]: [org.springframework.boot.test.mock.mockito.MockitoTestExecutionListener, org.springframework.boot.test.mock.mockito.ResetMocksTestExecutionListener, org.springframework.boot.test.autoconfigure.restdocs.RestDocsTestExecutionListener, org.springframework.boot.test.autoconfigure.web.client.MockRestServiceServerResetTestExecutionListener, org.springframework.boot.test.autoconfigure.web.servlet.MockMvcPrintOnlyOnFailureTestExecutionListener, org.springframework.boot.test.autoconfigure.web.servlet.WebDriverTestExecutionListener, org.springframework.boot.test.autoconfigure.webservices.client.MockWebServiceServerTestExecutionListener, org.springframework.test.context.web.ServletTestExecutionListener, org.springframework.test.context.support.DirtiesContextBeforeModesTestExecutionListener, org.springframework.test.context.support.DependencyInjectionTestExecutionListener, org.springframework.test.context.support.DirtiesContextTestExecutionListener, org.springframework.test.context.transaction.TransactionalTestExecutionListener, org.springframework.test.context.jdbc.SqlScriptsTestExecutionListener, org.springframework.test.context.event.EventPublishingTestExecutionListener]
01:07:00.381 [main] INFO org.springframework.boot.test.context.SpringBootTestContextBootstrapper - Using TestExecutionListeners: [org.springframework.test.context.web.ServletTestExecutionListener@764faa6, org.springframework.test.context.support.DirtiesContextBeforeModesTestExecutionListener@4c1f22f3, org.springframework.boot.test.mock.mockito.MockitoTestExecutionListener@598bd2ba, org.springframework.boot.test.autoconfigure.SpringBootDependencyInjectionTestExecutionListener@5a755cc1, org.springframework.test.context.support.DirtiesContextTestExecutionListener@7ae42ce3, org.springframework.test.context.transaction.TransactionalTestExecutionListener@4f5991f6, org.springframework.test.context.jdbc.SqlScriptsTestExecutionListener@484094a5, org.springframework.test.context.event.EventPublishingTestExecutionListener@38234a38, org.springframework.boot.test.mock.mockito.ResetMocksTestExecutionListener@63fbfaeb, org.springframework.boot.test.autoconfigure.restdocs.RestDocsTestExecutionListener@602e0143, org.springframework.boot.test.autoconfigure.web.client.MockRestServiceServerResetTestExecutionListener@2c07545f, org.springframework.boot.test.autoconfigure.web.servlet.MockMvcPrintOnlyOnFailureTestExecutionListener@e57b96d, org.springframework.boot.test.autoconfigure.web.servlet.WebDriverTestExecutionListener@32c726ee, org.springframework.boot.test.autoconfigure.webservices.client.MockWebServiceServerTestExecutionListener@22f31dec]
01:07:00.383 [main] DEBUG org.springframework.test.context.support.AbstractDirtiesContextTestExecutionListener - Before test class: context [DefaultTestContext@64a40280 testClass = InstrumentRepositoryTest, testInstance = [null], testMethod = [null], testException = [null], mergedContextConfiguration = [WebMergedContextConfiguration@4b40f651 testClass = InstrumentRepositoryTest, locations = '{}', classes = '{class com.santandar.market.MarketApplication}', contextInitializerClasses = '[]', activeProfiles = '{local}', propertySourceLocations = '{}', propertySourceProperties = '{amazon.dynamodb.endpoint=http://localhost:8000/, amazon.aws.accesskey=test1, amazon.aws.secretkey=test231, org.springframework.boot.test.context.SpringBootTestContextBootstrapper=true}', contextCustomizers = set[org.springframework.boot.test.context.filter.ExcludeFilterContextCustomizer@193f604a, org.springframework.boot.test.json.DuplicateJsonObjectContextCustomizerFactory$DuplicateJsonObjectContextCustomizer@6bedbc4d, org.springframework.boot.test.mock.mockito.MockitoContextCustomizer@0, org.springframework.boot.test.web.client.TestRestTemplateContextCustomizer@14555e0a, org.springframework.boot.test.autoconfigure.properties.PropertyMappingContextCustomizer@0, org.springframework.boot.test.autoconfigure.web.servlet.WebDriverContextCustomizerFactory$Customizer@32ee6fee, org.springframework.boot.test.context.SpringBootTestArgs@1], resourceBasePath = 'src/main/webapp', contextLoader = 'org.springframework.boot.test.context.SpringBootContextLoader', parent = [null]], attributes = map['org.springframework.test.context.web.ServletTestExecutionListener.activateListener' -> true]], class annotated with @DirtiesContext [false] with mode [null].
01:07:00.402 [main] DEBUG org.springframework.core.env.StandardEnvironment - Activating profiles [local]
01:07:00.404 [main] DEBUG org.springframework.test.context.support.TestPropertySourceUtils - Adding inlined properties to environment: {spring.jmx.enabled=false, amazon.dynamodb.endpoint=http://localhost:8000/, amazon.aws.accesskey=test1, amazon.aws.secretkey=test231, org.springframework.boot.test.context.SpringBootTestContextBootstrapper=true}

  .   ____          _            __ _ _
 /\\ / ___'_ __ _ _(_)_ __  __ _ \ \ \ \
( ( )\___ | '_ | '_| | '_ \/ _` | \ \ \ \
 \\/  ___)| |_)| | | | | || (_| |  ) ) ) )
  '  |____| .__|_| |_|_| |_\__, | / / / /
 =========|_|==============|___/=/_/_/_/
 :: Spring Boot ::        (v2.3.1.RELEASE)

2022-12-31 01:07:00.662  INFO 15272 --- [           main] c.s.m.d.r.InstrumentRepositoryTest       : Starting InstrumentRepositoryTest on KAMNA-NB with PID 15272 (started by Kamna in C:\Users\Kamna\IdeaProjects\MarketPriceHandler)
2022-12-31 01:07:00.663  INFO 15272 --- [           main] c.s.m.d.r.InstrumentRepositoryTest       : The following profiles are active: local
2022-12-31 01:07:01.046  INFO 15272 --- [           main] .s.d.r.c.RepositoryConfigurationDelegate : Bootstrapping Spring Data DynamoDB repositories in DEFAULT mode.
2022-12-31 01:07:01.146  INFO 15272 --- [           main] .s.d.r.c.RepositoryConfigurationDelegate : Finished Spring Data repository scanning in 93ms. Found 2 DynamoDB repository interfaces.
2022-12-31 01:07:01.326  INFO 15272 --- [           main] trationDelegate$BeanPostProcessorChecker : Bean 'dynamoDBConfig' of type [com.santandar.market.configuration.DynamoDBConfig$$EnhancerBySpringCGLIB$$f50ff938] is not eligible for getting processed by all BeanPostProcessors (for example: not eligible for auto-proxying)
2022-12-31 01:07:01.388  INFO 15272 --- [           main] trationDelegate$BeanPostProcessorChecker : Bean 'amazonAWSCredentials' of type [com.amazonaws.auth.BasicAWSCredentials] is not eligible for getting processed by all BeanPostProcessors (for example: not eligible for auto-proxying)
2022-12-31 01:07:01.768  INFO 15272 --- [           main] trationDelegate$BeanPostProcessorChecker : Bean 'amazonDynamoDB' of type [com.amazonaws.services.dynamodbv2.AmazonDynamoDBClient] is not eligible for getting processed by all BeanPostProcessors (for example: not eligible for auto-proxying)
2022-12-31 01:07:01.783  INFO 15272 --- [           main] trationDelegate$BeanPostProcessorChecker : Bean 'dynamoDB-DynamoDBMapperConfig' of type [com.amazonaws.services.dynamodbv2.datamodeling.DynamoDBMapperConfig] is not eligible for getting processed by all BeanPostProcessors (for example: not eligible for auto-proxying)
2022-12-31 01:07:01.853  INFO 15272 --- [           main] o.s.s.d.d.r.s.DynamoDBRepositoryFactory  : Spring Data DynamoDB Version: 5.1.0 (2.1)
2022-12-31 01:07:01.853  INFO 15272 --- [           main] o.s.s.d.d.r.s.DynamoDBRepositoryFactory  : Spring Data Version:          2.1.16.RELEASE
2022-12-31 01:07:01.853  INFO 15272 --- [           main] o.s.s.d.d.r.s.DynamoDBRepositoryFactory  : AWS SDK Version:              1.11.415
2022-12-31 01:07:01.853  INFO 15272 --- [           main] o.s.s.d.d.r.s.DynamoDBRepositoryFactory  : Java Version:                 11.0.6 - OpenJDK 64-Bit Server VM 11.0.6+8-b520.66
2022-12-31 01:07:01.853  INFO 15272 --- [           main] o.s.s.d.d.r.s.DynamoDBRepositoryFactory  : Platform Details:             Windows 10 10.0
2022-12-31 01:07:02.211  INFO 15272 --- [           main] d.d.r.u.Entity2DynamoDBTableSynchronizer : Checking repository classes with DynamoDB tables Instrument, Instrument for ContextRefreshedEvent
2022-12-31 01:07:02.213  INFO 15272 --- [           main] c.s.m.d.r.InstrumentRepositoryTest       : Started InstrumentRepositoryTest in 1.804 seconds (JVM running for 2.532)
Initializing DynamoDB Local with the following configuration:
Port:	8000
InMemory:	true
DbPath:	null
SharedDb:	false
shouldDelayTransientStatuses:	false
CorsParams:	*

]]></system-out>
    <system-err><![CDATA[2022-12-31 01:07:02.394:INFO::main: Logging initialized @2713ms to org.eclipse.jetty.util.log.StdErrLog
]]></system-err>
  </testcase>
</testsuite>